<?xml version="1.0" encoding="UTF-8"?>
<!-- Generated by org.testng.reporters.JUnitReportReporter -->
<testsuite hostname="Heba" failures="0" tests="1" name="almosafer.Almosafer" time="45.275" errors="0" timestamp="2023-09-18T21:18:53 EET" skipped="0">
  <testcase classname="almosafer.Almosafer" name="testOne" time="45.275"/>
</testsuite> <!-- almosafer.Almosafer -->
